make --no-print-directory -C "build" DESTDIR="/workspace/cFS/build" mission-install
[ 22%] Built target elf2cfetbl
[ 22%] Built target cfe-build-env
[ 22%] Built target cfe-module-version
[ 22%] Built target mission-version
[ 33%] Built target cfeconfig_platformdata_native_default_cpu1
[ 77%] Built target cfeconfig_platformdata_tool
[100%] Built target cfgtool-execute-native_default_cpu1
[100%] Built target mission-prebuild
[  0%] Built target tblobj_cpu1_sample_app.tbl1cf10ab8c1e1653efbb4737c010d430f82d9aaf7
[100%] Built target generate_table_cpu1_sample_app_sample_app_tbl
[100%] Built target tblobj_cpu1_sch.tbl0481411e01f8c33e297b0d229cf334ab2281823f
[100%] Built target generate_table_cpu1_sch_sch_def_schtbl
[100%] Built target generate_table_cpu1_sch_sch_def_msgtbl
[100%] Built target tblobj_cpu1_to_lab.tbl6d6e237e9041c84d636919254a77c69552477e13
[100%] Built target generate_table_cpu1_to_lab_to_lab_sub
[100%] Built target tblobj_cpu1_cfeTestAppTable.tbl6b14b07b8c6a9fef042a6ae7ac969051fd621bcd
[100%] Built target generate_table_cpu1_cfeTestAppTable_cfe_test_tbl
[100%] Built target cfetables
[100%] Built target native_default_cpu1-cfetables
[100%] Built target mission-cfetables
Table build completed
[100%] Built target tabletool-execute
[  0%] Built target osal_generic-linux_impl
[  1%] Built target osal_bsp
[  1%] Built target esa_osal_bsp_init_stub
[  3%] Built target osal_posix_impl
[  5%] Built target osal
[  6%] Built target ut_assert
[  9%] Built target ut_osapi_stubs
[  9%] Built target utobj_coverage-vxworks-binsem
[  9%] Built target esa_ut_coverage_shim_stub
[ 13%] Built target ut_libc_stubs
[ 15%] Built target ut_osapi_impl_stubs
[ 17%] Built target ut_osapi_init_stubs
[ 18%] Built target ut_osapi_shared_stubs
[ 20%] Built target ut_osapi_table_stubs
[ 20%] Built target ut_bsp_impl_stubs
[ 21%] Built target ut_vxworks_impl_stubs
[ 23%] Built target ut-adaptor-vxworks
[ 23%] Built target coverage-vxworks-binsem-testrunner
[ 23%] Built target utobj_coverage-vxworks-common
[ 23%] Built target coverage-vxworks-common-testrunner
[ 23%] Built target utobj_coverage-vxworks-console
[ 23%] Built target coverage-vxworks-console-testrunner
[ 23%] Built target utobj_coverage-vxworks-countsem
[ 25%] Built target coverage-vxworks-countsem-testrunner
[ 25%] Built target utobj_coverage-vxworks-dirs-globals
[ 25%] Built target coverage-vxworks-dirs-globals-testrunner
[ 25%] Built target utobj_coverage-vxworks-files
[ 25%] Built target coverage-vxworks-files-testrunner
[ 26%] Built target utobj_coverage-vxworks-filesys
[ 26%] Built target coverage-vxworks-filesys-testrunner
[ 26%] Built target utobj_coverage-vxworks-idmap
[ 26%] Built target coverage-vxworks-idmap-testrunner
[ 26%] Built target utobj_coverage-vxworks-heap
[ 26%] Built target coverage-vxworks-heap-testrunner
[ 26%] Built target utobj_coverage-vxworks-loader
[ 27%] Built target coverage-vxworks-loader-testrunner
[ 27%] Built target utobj_coverage-vxworks-mutex
[ 27%] Built target coverage-vxworks-mutex-testrunner
[ 27%] Built target utobj_coverage-vxworks-network
[ 27%] Built target coverage-vxworks-network-testrunner
[ 27%] Built target utobj_coverage-vxworks-queues
[ 27%] Built target coverage-vxworks-queues-testrunner
[ 27%] Built target utobj_coverage-vxworks-shell
[ 27%] Built target coverage-vxworks-shell-testrunner
[ 27%] Built target utobj_coverage-vxworks-sockets
[ 27%] Built target coverage-vxworks-sockets-testrunner
[ 27%] Built target utobj_coverage-vxworks-symtab
[ 28%] Built target coverage-vxworks-symtab-testrunner
[ 28%] Built target utobj_coverage-vxworks-tasks
[ 28%] Built target coverage-vxworks-tasks-testrunner
[ 29%] Built target utobj_coverage-vxworks-timebase
[ 29%] Built target coverage-vxworks-timebase-testrunner
[ 29%] Built target utobj_coverage-vxworks-posix-gettime
[ 29%] Built target coverage-vxworks-posix-gettime-testrunner
[ 29%] Built target utobj_coverage-vxworks-posix-io
[ 29%] Built target coverage-vxworks-posix-io-testrunner
[ 29%] Built target utobj_coverage-vxworks-posix-files
[ 30%] Built target coverage-vxworks-posix-files-testrunner
[ 30%] Built target utobj_coverage-vxworks-posix-file-allocate
[ 30%] Built target coverage-vxworks-posix-file-allocate-testrunner
[ 30%] Built target utobj_coverage-vxworks-posix-dirs
[ 30%] Built target coverage-vxworks-posix-dirs-testrunner
[ 30%] Built target utobj_coverage-vxworks-console-bsp
[ 30%] Built target coverage-vxworks-console-bsp-testrunner
[ 30%] Built target utobj_coverage-vxworks-bsd-select
[ 30%] Built target coverage-vxworks-bsd-select-testrunner
[ 30%] Built target utobj_coverage-vxworks-bsd-sockets
[ 30%] Built target coverage-vxworks-bsd-sockets-testrunner
[ 30%] Built target utobj_coverage-vxworks-bsd-sockets-dns
[ 31%] Built target coverage-vxworks-bsd-sockets-dns-testrunner
[ 31%] Built target utobj_coverage-vxworks-bsd-sockets-no-dns
[ 31%] Built target coverage-vxworks-bsd-sockets-no-dns-testrunner
[ 31%] Built target utobj_coverage-vxworks-no-loader
[ 31%] Built target coverage-vxworks-no-loader-testrunner
[ 31%] Built target utobj_coverage-vxworks-no-shell
[ 31%] Built target coverage-vxworks-no-shell-testrunner
[ 31%] Built target utobj_coverage-vxworks-no-symtab
[ 31%] Built target coverage-vxworks-no-symtab-testrunner
[ 31%] Built target utobj_coverage-vxworks-no-network-gethostname
[ 32%] Built target coverage-vxworks-no-network-gethostname-testrunner
[ 32%] Built target utobj_coverage-vxworks-no-network-gethostid
[ 32%] Built target coverage-vxworks-no-network-gethostid-testrunner
[ 33%] Built target utobj_coverage-vxworks-no-sockets
[ 33%] Built target coverage-vxworks-no-sockets-testrunner
[ 33%] Built target utobj_coverage-vxworks-no-condvar
[ 33%] Built target coverage-vxworks-no-condvar-testrunner
[ 33%] Built target utobj_coverage-vxworks-no-file-allocate
[ 33%] Built target coverage-vxworks-no-file-allocate-testrunner
[ 33%] Built target os-shared-coverage-support
[ 33%] Built target utobj_coverage-shared-binsem
[ 33%] Built target ut-adaptor-shared
[ 34%] Built target coverage-shared-binsem-testrunner
[ 34%] Built target utobj_coverage-shared-clock
[ 34%] Built target coverage-shared-clock-testrunner
[ 34%] Built target utobj_coverage-shared-common
[ 34%] Built target coverage-shared-common-testrunner
[ 34%] Built target utobj_coverage-shared-condvar
[ 34%] Built target coverage-shared-condvar-testrunner
[ 34%] Built target utobj_coverage-shared-countsem
[ 34%] Built target coverage-shared-countsem-testrunner
[ 34%] Built target utobj_coverage-shared-dir
[ 34%] Built target coverage-shared-dir-testrunner
[ 34%] Built target utobj_coverage-shared-errors
[ 35%] Built target coverage-shared-errors-testrunner
[ 35%] Built target utobj_coverage-shared-file
[ 35%] Built target coverage-shared-file-testrunner
[ 35%] Built target utobj_coverage-shared-filesys
[ 35%] Built target coverage-shared-filesys-testrunner
[ 36%] Built target utobj_coverage-shared-heap
[ 36%] Built target coverage-shared-heap-testrunner
[ 36%] Built target utobj_coverage-shared-idmap
[ 36%] Built target coverage-shared-idmap-testrunner
[ 36%] Built target utobj_coverage-shared-module
[ 36%] Built target coverage-shared-module-testrunner
[ 36%] Built target utobj_coverage-shared-mutex
[ 38%] Built target coverage-shared-mutex-testrunner
[ 38%] Built target utobj_coverage-shared-network
[ 38%] Built target coverage-shared-network-testrunner
[ 38%] Built target utobj_coverage-shared-printf
[ 38%] Built target coverage-shared-printf-testrunner
[ 38%] Built target utobj_coverage-shared-queue
[ 38%] Built target coverage-shared-queue-testrunner
[ 38%] Built target utobj_coverage-shared-rwlock
[ 38%] Built target coverage-shared-rwlock-testrunner
[ 38%] Built target utobj_coverage-shared-select
[ 38%] Built target coverage-shared-select-testrunner
[ 38%] Built target utobj_coverage-shared-sockets
[ 38%] Built target coverage-shared-sockets-testrunner
[ 38%] Built target utobj_coverage-shared-task
[ 39%] Built target coverage-shared-task-testrunner
[ 40%] Built target utobj_coverage-shared-timebase
[ 40%] Built target coverage-shared-timebase-testrunner
[ 40%] Built target utobj_coverage-shared-time
[ 40%] Built target coverage-shared-time-testrunner
[ 40%] Built target utobj_coverage-shared-version
[ 40%] Built target coverage-shared-version-testrunner
[ 40%] Built target bin-sem-test
[ 40%] Built target bin-sem-timeout-test
[ 40%] Built target condvar-test
[ 40%] Built target count-sem-test
[ 40%] Built target count-sem-timeout-test
[ 40%] Built target file-api-test
[ 40%] Built target file-sys-add-fixed-map-api-test
[ 40%] Built target idmap-api-test
[ 40%] Built target mutex-test
[ 41%] Built target network-api-test
[ 41%] Built target osal-core-test
[ 41%] Built target queue-test
[ 42%] Built target rwlock-test
[ 42%] Built target select-test
[ 43%] Built target sem-speed-test
[ 43%] Built target shell-test
[ 43%] Built target symbol-api-test
[ 43%] Built target time-base-api-test
[ 43%] Built target timer-add-api-test
[ 44%] Built target timer-test
[ 44%] Built target osal_core_UT
[ 44%] Built target MODULE20
[ 44%] Built target MODULE19
[ 44%] Built target MODULE18
[ 44%] Built target MODULE17
[ 44%] Built target MODULE16
[ 44%] Built target MODULE15
[ 45%] Built target MODULE14
[ 45%] Built target MODULE13
[ 45%] Built target MODULE12
[ 45%] Built target MODULE11
[ 45%] Built target MODULE10
[ 45%] Built target MODULE9
[ 45%] Built target MODULE8
[ 46%] Built target MODULE7
[ 46%] Built target MODULE6
[ 46%] Built target MODULE5
[ 46%] Built target MODULE4
[ 46%] Built target MODULE3
[ 47%] Built target MODULE2
[ 47%] Built target MODULE1
[ 47%] Built target MODULE0
[ 47%] Built target osal_loader_UT
[ 47%] Built target osal_filesys_UT
[ 48%] Built target osal_file_UT
[ 50%] Built target osal_network_UT
[ 50%] Built target osal_timer_UT
[ 52%] Built target ut_psp_api_stubs
[ 54%] Built target ut_core_api_stubs
[ 55%] Built target ut_core_private_stubs
[ 57%] Built target es
[ 59%] Built target coverage-es-ALL-object
[ 59%] Built target coverage-es-ALL-testrunner
[ 60%] Built target evs
[ 60%] Built target coverage-evs-ALL-object
[ 61%] Built target coverage-evs-ALL-testrunner
[ 61%] Built target fs
[ 61%] Built target coverage-fs-ALL-object
[ 61%] Built target coverage-fs-ALL-testrunner
[ 63%] Built target sb
[ 64%] Built target coverage-sb-ALL-object
[ 64%] Built target sbr
[ 64%] Built target coverage-sb-ALL-testrunner
[ 66%] Built target tbl
[ 67%] Built target coverage-tbl-ALL-object
[ 68%] Built target coverage-tbl-ALL-testrunner
[ 69%] Built target time
[ 69%] Built target coverage-time-ALL-object
[ 70%] Built target coverage-time-ALL-testrunner
[ 70%] Built target esa
[ 70%] Built target ut_esa_api_stubs
[ 71%] Built target coverage-esa-sim_stepping-object
[ 76%] Built target ut_psp_libc_stubs
[ 76%] Built target coverage-esa-sim_stepping-testrunner
[ 76%] Built target coverage-esa-time_hooks-object
[ 76%] Built target coverage-esa-time_hooks-testrunner
[ 76%] Built target coverage-esa-core_services-object
[ 76%] Built target coverage-esa-core_services-testrunner
[ 76%] Built target coverage-esa-osal_hooks-object
[ 76%] Built target coverage-esa-osal_hooks-testrunner
[ 76%] Built target endian_api
[ 76%] Built target psp-pc-linux-impl
[ 77%] Built target psp-pc-linux-shared
[ 77%] Built target soft_timebase
[ 77%] Built target timebase_posix_clock
[ 77%] Built target eeprom_mmap_file
[ 77%] Built target ram_notimpl
[ 78%] Built target port_notimpl
[ 78%] Built target iodriver
[ 78%] Built target linux_sysmon
[ 78%] Built target psp-pc-linux
[ 78%] Built target coverage-iodriver-stubs
[ 78%] Built target coverage-pspmod-timebase_vxworks-object
[ 78%] Built target coverage-pspmod-timebase_vxworks-testrunner
[ 78%] Built target coverage-pspmod-vxworks_sysmon-object
[ 78%] Built target coverage-pspmod-vxworks_sysmon-testrunner
[ 79%] Built target coverage-pspmod-ram_notimpl-object
[ 79%] Built target coverage-pspmod-ram_notimpl-testrunner
[ 79%] Built target coverage-pspmod-ram_direct-object
[ 79%] Built target coverage-pspmod-ram_direct-testrunner
[ 79%] Built target coverage-pspmod-port_notimpl-object
[ 79%] Built target coverage-pspmod-port_notimpl-testrunner
[ 79%] Built target coverage-pspmod-port_direct-object
[ 79%] Built target coverage-pspmod-port_direct-testrunner
[ 79%] Built target coverage-pspmod-eeprom_notimpl-object
[ 79%] Built target coverage-pspmod-eeprom_notimpl-testrunner
[ 79%] Built target coverage-pspmod-eeprom_mmap_file-object
[ 80%] Built target coverage-pspmod-eeprom_mmap_file-testrunner
[ 80%] Built target coverage-pspmod-eeprom_direct-object
[ 80%] Built target coverage-pspmod-eeprom_direct-testrunner
[ 80%] Built target coverage-pspmod-iodriver-object
[ 80%] Built target coverage-pspmod-iodriver-testrunner
[ 80%] Built target coverage-pspmod-soft_timebase-object
[ 80%] Built target coverage-pspmod-soft_timebase-testrunner
[ 81%] Built target coverage-pspmod-network_pc686_rtems-object
[ 81%] Built target coverage-pspmod-network_pc686_rtems-testrunner
[ 81%] Built target coverage-pspmod-endian_api-object
[ 81%] Built target coverage-pspmod-endian_api-testrunner
[ 81%] Built target ut-adaptor-ut-mcp750-vxworks
[ 82%] Built target ut_psp_cfe_stubs
[ 82%] Built target psp-ut-mcp750-vxworks-impl
[ 83%] Built target psp-ut-mcp750-vxworks-shared
[ 83%] Built target coverage-ut-mcp750-vxworks-testrunner
[ 84%] Built target psp-ut-pc-rtems-shared
[ 84%] Built target psp-ut-pc-rtems-impl
[ 85%] Built target coverage-ut-pc-rtems-testrunner
[ 86%] Built target msg
[ 88%] Built target coverage-msg-ALL-object
[ 89%] Built target coverage-msg-ALL-testrunner
[ 89%] Built target ut_sbr_map_direct_objs
[ 90%] Built target sbr_map_direct_UT
[ 91%] Built target ut_sbr_map_hash_objs
[ 91%] Built target sbr_map_hash_UT
[ 91%] Built target ut_sbr_route_unsorted_objs
[ 91%] Built target sbr_route_unsorted_UT
[ 91%] Built target resourceid
[ 91%] Built target ut_resourceid_OBJS
[ 91%] Built target resourceid_UT
[ 92%] Built target config
[ 93%] Built target coverage-cfe_config_internal-stubs
[ 93%] Built target coverage-config-ALL-object
[ 93%] Built target coverage-config-ALL-testrunner
[ 94%] Built target ci_lab
[ 94%] Built target sch
[ 94%] Built target to_lab
[ 94%] Built target ut_assert_pic
[ 95%] Built target cfe_assert
[ 97%] Built target cfe_testcase
[ 97%] Built target sample_app
[ 98%] Built target coverage-sample_app-stubs
[ 98%] Built target sample_app_ut_common
[100%] Built target coverage-sample_app-sample_app-object
[100%] Built target coverage-sample_lib-stubs
[100%] Built target coverage-sample_app-sample_app-testrunner
[100%] Built target coverage-sample_app-sample_app_cmds-object
[100%] Built target coverage-sample_app-sample_app_cmds-testrunner
[100%] Built target coverage-sample_app-sample_app_utils-object
[100%] Built target coverage-sample_app-sample_app_utils-testrunner
[100%] Built target coverage-sample_app-sample_app_dispatch-object
[100%] Built target coverage-sample_app-sample_app_dispatch-testrunner
[100%] Built target sample_lib
[100%] Built target coverage-sample_lib_overrides-stubs
[100%] Built target coverage-sample_lib-ALL-object
[100%] Built target coverage-sample_lib-ALL-testrunner
[100%] Generating cfe_build_env_table.c
[100%] Building C object cpu1/CMakeFiles/core-cpu1.dir/cfe_build_env_table.c.o
[100%] Linking C executable core-cpu1
[100%] Built target core-cpu1
Install the project...
-- Install configuration: "debug"
-- Installing: /workspace/cFS/build/exe/cpu1/cf/cfe_es_startup.scr
-- Installing: /workspace/cFS/build/exe/cpu1/coverage-vxworks-binsem-testrunner
-- Installing: /workspace/cFS/build/exe/cpu1/coverage-vxworks-common-testrunner
-- Installing: /workspace/cFS/build/exe/cpu1/coverage-vxworks-console-testrunner
-- Installing: /workspace/cFS/build/exe/cpu1/coverage-vxworks-countsem-testrunner
-- Installing: /workspace/cFS/build/exe/cpu1/coverage-vxworks-dirs-globals-testrunner
-- Installing: /workspace/cFS/build/exe/cpu1/coverage-vxworks-files-testrunner
-- Installing: /workspace/cFS/build/exe/cpu1/coverage-vxworks-filesys-testrunner
-- Installing: /workspace/cFS/build/exe/cpu1/coverage-vxworks-idmap-testrunner
-- Installing: /workspace/cFS/build/exe/cpu1/coverage-vxworks-heap-testrunner
-- Installing: /workspace/cFS/build/exe/cpu1/coverage-vxworks-loader-testrunner
-- Installing: /workspace/cFS/build/exe/cpu1/coverage-vxworks-mutex-testrunner
-- Installing: /workspace/cFS/build/exe/cpu1/coverage-vxworks-network-testrunner
-- Installing: /workspace/cFS/build/exe/cpu1/coverage-vxworks-queues-testrunner
-- Installing: /workspace/cFS/build/exe/cpu1/coverage-vxworks-shell-testrunner
-- Installing: /workspace/cFS/build/exe/cpu1/coverage-vxworks-sockets-testrunner
-- Installing: /workspace/cFS/build/exe/cpu1/coverage-vxworks-symtab-testrunner
-- Installing: /workspace/cFS/build/exe/cpu1/coverage-vxworks-tasks-testrunner
-- Installing: /workspace/cFS/build/exe/cpu1/coverage-vxworks-timebase-testrunner
-- Installing: /workspace/cFS/build/exe/cpu1/coverage-vxworks-posix-gettime-testrunner
-- Installing: /workspace/cFS/build/exe/cpu1/coverage-vxworks-posix-io-testrunner
-- Installing: /workspace/cFS/build/exe/cpu1/coverage-vxworks-posix-files-testrunner
-- Installing: /workspace/cFS/build/exe/cpu1/coverage-vxworks-posix-file-allocate-testrunner
-- Installing: /workspace/cFS/build/exe/cpu1/coverage-vxworks-posix-dirs-testrunner
-- Installing: /workspace/cFS/build/exe/cpu1/coverage-vxworks-console-bsp-testrunner
-- Installing: /workspace/cFS/build/exe/cpu1/coverage-vxworks-bsd-select-testrunner
-- Installing: /workspace/cFS/build/exe/cpu1/coverage-vxworks-bsd-sockets-testrunner
-- Installing: /workspace/cFS/build/exe/cpu1/coverage-vxworks-bsd-sockets-dns-testrunner
-- Installing: /workspace/cFS/build/exe/cpu1/coverage-vxworks-bsd-sockets-no-dns-testrunner
-- Installing: /workspace/cFS/build/exe/cpu1/coverage-vxworks-no-loader-testrunner
-- Installing: /workspace/cFS/build/exe/cpu1/coverage-vxworks-no-shell-testrunner
-- Installing: /workspace/cFS/build/exe/cpu1/coverage-vxworks-no-symtab-testrunner
-- Installing: /workspace/cFS/build/exe/cpu1/coverage-vxworks-no-network-gethostname-testrunner
-- Installing: /workspace/cFS/build/exe/cpu1/coverage-vxworks-no-network-gethostid-testrunner
-- Installing: /workspace/cFS/build/exe/cpu1/coverage-vxworks-no-sockets-testrunner
-- Installing: /workspace/cFS/build/exe/cpu1/coverage-vxworks-no-condvar-testrunner
-- Installing: /workspace/cFS/build/exe/cpu1/coverage-vxworks-no-file-allocate-testrunner
-- Installing: /workspace/cFS/build/exe/cpu1/coverage-shared-binsem-testrunner
-- Installing: /workspace/cFS/build/exe/cpu1/coverage-shared-clock-testrunner
-- Installing: /workspace/cFS/build/exe/cpu1/coverage-shared-common-testrunner
-- Installing: /workspace/cFS/build/exe/cpu1/coverage-shared-condvar-testrunner
-- Installing: /workspace/cFS/build/exe/cpu1/coverage-shared-countsem-testrunner
-- Installing: /workspace/cFS/build/exe/cpu1/coverage-shared-dir-testrunner
-- Installing: /workspace/cFS/build/exe/cpu1/coverage-shared-errors-testrunner
-- Installing: /workspace/cFS/build/exe/cpu1/coverage-shared-file-testrunner
-- Installing: /workspace/cFS/build/exe/cpu1/coverage-shared-filesys-testrunner
-- Installing: /workspace/cFS/build/exe/cpu1/coverage-shared-heap-testrunner
-- Installing: /workspace/cFS/build/exe/cpu1/coverage-shared-idmap-testrunner
-- Installing: /workspace/cFS/build/exe/cpu1/coverage-shared-module-testrunner
-- Installing: /workspace/cFS/build/exe/cpu1/coverage-shared-mutex-testrunner
-- Installing: /workspace/cFS/build/exe/cpu1/coverage-shared-network-testrunner
-- Installing: /workspace/cFS/build/exe/cpu1/coverage-shared-printf-testrunner
-- Installing: /workspace/cFS/build/exe/cpu1/coverage-shared-queue-testrunner
-- Installing: /workspace/cFS/build/exe/cpu1/coverage-shared-rwlock-testrunner
-- Installing: /workspace/cFS/build/exe/cpu1/coverage-shared-select-testrunner
-- Installing: /workspace/cFS/build/exe/cpu1/coverage-shared-sockets-testrunner
-- Installing: /workspace/cFS/build/exe/cpu1/coverage-shared-task-testrunner
-- Installing: /workspace/cFS/build/exe/cpu1/coverage-shared-timebase-testrunner
-- Installing: /workspace/cFS/build/exe/cpu1/coverage-shared-time-testrunner
-- Installing: /workspace/cFS/build/exe/cpu1/coverage-shared-version-testrunner
-- Installing: /workspace/cFS/build/exe/cpu1/bin-sem-test
-- Installing: /workspace/cFS/build/exe/cpu1/bin-sem-timeout-test
-- Installing: /workspace/cFS/build/exe/cpu1/condvar-test
-- Installing: /workspace/cFS/build/exe/cpu1/count-sem-test
-- Installing: /workspace/cFS/build/exe/cpu1/count-sem-timeout-test
-- Installing: /workspace/cFS/build/exe/cpu1/file-api-test
-- Installing: /workspace/cFS/build/exe/cpu1/file-sys-add-fixed-map-api-test
-- Installing: /workspace/cFS/build/exe/cpu1/idmap-api-test
-- Installing: /workspace/cFS/build/exe/cpu1/mutex-test
-- Installing: /workspace/cFS/build/exe/cpu1/network-api-test
-- Installing: /workspace/cFS/build/exe/cpu1/osal-core-test
-- Installing: /workspace/cFS/build/exe/cpu1/queue-test
-- Installing: /workspace/cFS/build/exe/cpu1/rwlock-test
-- Installing: /workspace/cFS/build/exe/cpu1/select-test
-- Installing: /workspace/cFS/build/exe/cpu1/sem-speed-test
-- Installing: /workspace/cFS/build/exe/cpu1/shell-test
-- Installing: /workspace/cFS/build/exe/cpu1/symbol-api-test
-- Installing: /workspace/cFS/build/exe/cpu1/time-base-api-test
-- Installing: /workspace/cFS/build/exe/cpu1/timer-add-api-test
-- Installing: /workspace/cFS/build/exe/cpu1/timer-test
-- Installing: /workspace/cFS/build/exe/cpu1/osal_core_UT
-- Installing: /workspace/cFS/build/exe/cpu1/osal_loader_UT
-- Installing: /workspace/cFS/build/exe/cpu1/utmod/MODULE20.so
-- Installing: /workspace/cFS/build/exe/cpu1/utmod/MODULE19.so
-- Installing: /workspace/cFS/build/exe/cpu1/utmod/MODULE18.so
-- Installing: /workspace/cFS/build/exe/cpu1/utmod/MODULE17.so
-- Installing: /workspace/cFS/build/exe/cpu1/utmod/MODULE16.so
-- Installing: /workspace/cFS/build/exe/cpu1/utmod/MODULE15.so
-- Installing: /workspace/cFS/build/exe/cpu1/utmod/MODULE14.so
-- Installing: /workspace/cFS/build/exe/cpu1/utmod/MODULE13.so
-- Installing: /workspace/cFS/build/exe/cpu1/utmod/MODULE12.so
-- Installing: /workspace/cFS/build/exe/cpu1/utmod/MODULE11.so
-- Installing: /workspace/cFS/build/exe/cpu1/utmod/MODULE10.so
-- Installing: /workspace/cFS/build/exe/cpu1/utmod/MODULE9.so
-- Installing: /workspace/cFS/build/exe/cpu1/utmod/MODULE8.so
-- Installing: /workspace/cFS/build/exe/cpu1/utmod/MODULE7.so
-- Installing: /workspace/cFS/build/exe/cpu1/utmod/MODULE6.so
-- Installing: /workspace/cFS/build/exe/cpu1/utmod/MODULE5.so
-- Installing: /workspace/cFS/build/exe/cpu1/utmod/MODULE4.so
-- Installing: /workspace/cFS/build/exe/cpu1/utmod/MODULE3.so
-- Installing: /workspace/cFS/build/exe/cpu1/utmod/MODULE2.so
-- Installing: /workspace/cFS/build/exe/cpu1/utmod/MODULE1.so
-- Installing: /workspace/cFS/build/exe/cpu1/utmod/MODULE0.so
-- Installing: /workspace/cFS/build/exe/cpu1/osal_filesys_UT
-- Installing: /workspace/cFS/build/exe/cpu1/osal_file_UT
-- Installing: /workspace/cFS/build/exe/cpu1/osal_network_UT
-- Installing: /workspace/cFS/build/exe/cpu1/osal_timer_UT
-- Installing: /workspace/cFS/build/exe/cpu1/coverage-es-ALL-testrunner
-- Installing: /workspace/cFS/build/exe/cpu1/coverage-evs-ALL-testrunner
-- Installing: /workspace/cFS/build/exe/cpu1/coverage-fs-ALL-testrunner
-- Installing: /workspace/cFS/build/exe/cpu1/coverage-sb-ALL-testrunner
-- Installing: /workspace/cFS/build/exe/cpu1/coverage-tbl-ALL-testrunner
-- Installing: /workspace/cFS/build/exe/cpu1/coverage-time-ALL-testrunner
-- Installing: /workspace/cFS/build/exe/cpu1/coverage-esa-sim_stepping-testrunner
-- Installing: /workspace/cFS/build/exe/cpu1/coverage-esa-time_hooks-testrunner
-- Installing: /workspace/cFS/build/exe/cpu1/coverage-esa-core_services-testrunner
-- Installing: /workspace/cFS/build/exe/cpu1/coverage-esa-osal_hooks-testrunner
-- Installing: /workspace/cFS/build/exe/cpu1/coverage-pspmod-timebase_vxworks-testrunner
-- Installing: /workspace/cFS/build/exe/cpu1/coverage-pspmod-vxworks_sysmon-testrunner
-- Installing: /workspace/cFS/build/exe/cpu1/coverage-pspmod-ram_notimpl-testrunner
-- Installing: /workspace/cFS/build/exe/cpu1/coverage-pspmod-ram_direct-testrunner
-- Installing: /workspace/cFS/build/exe/cpu1/coverage-pspmod-port_notimpl-testrunner
-- Installing: /workspace/cFS/build/exe/cpu1/coverage-pspmod-port_direct-testrunner
-- Installing: /workspace/cFS/build/exe/cpu1/coverage-pspmod-eeprom_notimpl-testrunner
-- Installing: /workspace/cFS/build/exe/cpu1/coverage-pspmod-eeprom_mmap_file-testrunner
-- Installing: /workspace/cFS/build/exe/cpu1/coverage-pspmod-eeprom_direct-testrunner
-- Installing: /workspace/cFS/build/exe/cpu1/coverage-pspmod-iodriver-testrunner
-- Installing: /workspace/cFS/build/exe/cpu1/coverage-pspmod-soft_timebase-testrunner
-- Installing: /workspace/cFS/build/exe/cpu1/coverage-pspmod-network_pc686_rtems-testrunner
-- Installing: /workspace/cFS/build/exe/cpu1/coverage-pspmod-endian_api-testrunner
-- Installing: /workspace/cFS/build/exe/cpu1/coverage-ut-mcp750-vxworks-testrunner
-- Installing: /workspace/cFS/build/exe/cpu1/coverage-ut-pc-rtems-testrunner
-- Installing: /workspace/cFS/build/exe/cpu1/coverage-msg-ALL-testrunner
-- Installing: /workspace/cFS/build/exe/cpu1/sbr_map_direct_UT
-- Installing: /workspace/cFS/build/exe/cpu1/sbr_map_hash_UT
-- Installing: /workspace/cFS/build/exe/cpu1/sbr_route_unsorted_UT
-- Installing: /workspace/cFS/build/exe/cpu1/resourceid_UT
-- Installing: /workspace/cFS/build/exe/cpu1/coverage-config-ALL-testrunner
-- Installing: /workspace/cFS/build/exe/cpu1/cf/ci_lab.so
-- Installing: /workspace/cFS/build/exe/cpu1/cf/sch.so
-- Installing: /workspace/cFS/build/exe/cpu1/cf/to_lab.so
-- Installing: /workspace/cFS/build/exe/cpu1/cf/cfe_assert.so
-- Installing: /workspace/cFS/build/exe/cpu1/cf/cfe_testcase.so
-- Installing: /workspace/cFS/build/exe/cpu1/cf/sample_app.so
-- Installing: /workspace/cFS/build/exe/cpu1/coverage-sample_app-sample_app-testrunner
-- Installing: /workspace/cFS/build/exe/cpu1/coverage-sample_app-sample_app_cmds-testrunner
-- Installing: /workspace/cFS/build/exe/cpu1/coverage-sample_app-sample_app_utils-testrunner
-- Installing: /workspace/cFS/build/exe/cpu1/coverage-sample_app-sample_app_dispatch-testrunner
-- Installing: /workspace/cFS/build/exe/cpu1/cf/sample_lib.so
-- Installing: /workspace/cFS/build/exe/cpu1/coverage-sample_lib-ALL-testrunner
-- Installing: /workspace/cFS/build/exe/cpu1/core-cpu1
[100%] Built target native_default_cpu1-install
[  8%] Built target cfeconfig_platformdata_native_default_cpu1
[ 41%] Built target cfeconfig_platformdata_tool
[ 66%] Built target cmdUtil
[ 83%] Built target elf2cfetbl
[100%] Built target cfe_ts_crc
Install the project...
-- Install configuration: "debug"
-- Installing: /workspace/cFS/build/exe/host/cmdUtil
-- Up-to-date: /workspace/cFS/build/exe/.
-- Up-to-date: /workspace/cFS/build/exe/./cpu1
-- Up-to-date: /workspace/cFS/build/exe/./cpu1/cf
-- Installing: /workspace/cFS/build/exe/./cpu1/cf/sch_def_schtbl.tbl
-- Installing: /workspace/cFS/build/exe/./cpu1/cf/cfe_test_tbl.tbl
-- Installing: /workspace/cFS/build/exe/./cpu1/cf/to_lab_sub.tbl
-- Installing: /workspace/cFS/build/exe/./cpu1/cf/sch_def_msgtbl.tbl
-- Installing: /workspace/cFS/build/exe/./cpu1/cf/sample_app_tbl.tbl
-- Installing: /workspace/cFS/build/exe/host/elf2cfetbl
-- Installing: /workspace/cFS/build/exe/host/cfe_ts_crc
Built target mission-install
