-- Building Core Module: psp
-- PSP Coverage Test Targets: mcp750-vxworks;pc-rtems
-- Building Core Module: msg
-- CCSDS primary header included in message header (not including CCSDS extended header)
-- Message Id version 1 in use (MsgId V1)
-- Building Core Module: sbr
-- Using hashed map software bus routing implementation
-- Building Core Module: resourceid
-- Building Core Module: config
-- Building Dynamic App: ci_lab targets=cpu1
-- Building Dynamic App: sch targets=cpu1
-- Using file: /workspace/cFS/apps/sch/fsw/tables/sch_def_schtbl.c for sch_def_schtbl.c
-- Using file: /workspace/cFS/apps/sch/fsw/tables/sch_def_msgtbl.c for sch_def_msgtbl.c
-- Building Dynamic App: to_lab targets=cpu1
-- Using file: /workspace/cFS/apps/to_lab/fsw/tables/to_lab_sub.c for to_lab_sub.c
-- Building Dynamic App: cfe_assert targets=cpu1
-- Building Dynamic App: cfe_testcase targets=cpu1
NOTE: "cfeTestAppTable" passed to add_cfe_tables is not a previously-defined application target
-- Using file: /workspace/cFS/cfe/modules/cfe_testcase/tables/cfe_test_tbl.c for cfe_test_tbl.c
-- Building Dynamic App: sample_app targets=cpu1
-- Using file: /workspace/cFS/apps/sample_app/fsw/tables/sample_app_tbl.c for sample_app_tbl.c
-- Building Dynamic App: sample_lib targets=cpu1
-- NOTE: Selected /workspace/cFS/sample_defs/cpu1_cfe_es_startup.scr as source for cfe_es_startup.scr on cpu1
-- Configuring done (0.5s)
-- Generating done (0.6s)
-- Build files have been written to: /workspace/cFS/build/native/default_cpu1
-- Configuring done (1.4s)
-- Generating done (0.0s)
-- Build files have been written to: /workspace/cFS/build
echo "-DCMAKE_INSTALL_PREFIX=/exe -DCMAKE_BUILD_TYPE=debug -DENABLE_UNIT_TESTS=true" > "build/.prep"
